This file contains any messages produced by compilers while
running configure, to aid debugging if configure makes a mistake.

It was created by configure, which was
generated by GNU Autoconf 2.69.  Invocation command line was

  $ ./configure --prefix=/home/awadyn/neuroarch/asc/tools/opt

## --------- ##
## Platform. ##
## --------- ##

hostname = kd-sesa
uname -m = x86_64
uname -r = 3.13.0-43-generic
uname -s = Linux
uname -v = #72-Ubuntu SMP Mon Dec 8 19:35:06 UTC 2014

/usr/bin/uname -p = unknown
/bin/uname -X     = unknown

/bin/arch              = unknown
/usr/bin/arch -k       = unknown
/usr/convex/getsysinfo = unknown
/usr/bin/hostinfo      = unknown
/bin/machine           = unknown
/usr/bin/oslevel       = unknown
/bin/universe          = unknown

PATH: /usr/local/sbin
PATH: /usr/local/bin
PATH: /usr/sbin
PATH: /usr/bin
PATH: /sbin
PATH: /bin
PATH: /usr/games
PATH: /usr/local/games


## ----------- ##
## Core tests. ##
## ----------- ##

configure:2484: checking for a BSD-compatible install
configure:2552: result: /usr/bin/install -c
configure:2563: checking whether build environment is sane
configure:2613: result: yes
configure:2754: checking for a thread-safe mkdir -p
configure:2793: result: /bin/mkdir -p
configure:2806: checking for gawk
configure:2822: found /usr/bin/gawk
configure:2833: result: gawk
configure:2844: checking whether make sets $(MAKE)
configure:2866: result: yes
configure:2999: checking for gcc
configure:3015: found /usr/bin/gcc
configure:3026: result: gcc
configure:3255: checking for C compiler version
configure:3264: gcc --version >&5
gcc (Ubuntu 4.9.2-0ubuntu1~14.04) 4.9.2
Copyright (C) 2014 Free Software Foundation, Inc.
This is free software; see the source for copying conditions.  There is NO
warranty; not even for MERCHANTABILITY or FITNESS FOR A PARTICULAR PURPOSE.

configure:3275: $? = 0
configure:3264: gcc -v >&5
Using built-in specs.
COLLECT_GCC=gcc
COLLECT_LTO_WRAPPER=/usr/lib/gcc/x86_64-linux-gnu/4.9/lto-wrapper
Target: x86_64-linux-gnu
Configured with: ../src/configure -v --with-pkgversion='Ubuntu 4.9.2-0ubuntu1~14.04' --with-bugurl=file:///usr/share/doc/gcc-4.9/README.Bugs --enable-languages=c,c++,java,go,d,fortran,objc,obj-c++ --prefix=/usr --program-suffix=-4.9 --enable-shared --enable-linker-build-id --libexecdir=/usr/lib --without-included-gettext --enable-threads=posix --with-gxx-include-dir=/usr/include/c++/4.9 --libdir=/usr/lib --enable-nls --with-sysroot=/ --enable-clocale=gnu --enable-libstdcxx-debug --enable-libstdcxx-time=yes --enable-gnu-unique-object --disable-vtable-verify --enable-plugin --with-system-zlib --disable-browser-plugin --enable-java-awt=gtk --enable-gtk-cairo --with-java-home=/usr/lib/jvm/java-1.5.0-gcj-4.9-amd64/jre --enable-java-home --with-jvm-root-dir=/usr/lib/jvm/java-1.5.0-gcj-4.9-amd64 --with-jvm-jar-dir=/usr/lib/jvm-exports/java-1.5.0-gcj-4.9-amd64 --with-arch-directory=amd64 --with-ecj-jar=/usr/share/java/eclipse-ecj.jar --enable-objc-gc --enable-multiarch --disable-werror --with-arch-32=i686 --with-abi=m64 --with-multilib-list=m32,m64,mx32 --enable-multilib --with-tune=generic --enable-checking=release --build=x86_64-linux-gnu --host=x86_64-linux-gnu --target=x86_64-linux-gnu
Thread model: posix
gcc version 4.9.2 (Ubuntu 4.9.2-0ubuntu1~14.04) 
configure:3275: $? = 0
configure:3264: gcc -V >&5
gcc: error: unrecognized command line option '-V'
gcc: fatal error: no input files
compilation terminated.
configure:3275: $? = 4
configure:3264: gcc -qversion >&5
gcc: error: unrecognized command line option '-qversion'
gcc: fatal error: no input files
compilation terminated.
configure:3275: $? = 4
configure:3295: checking whether the C compiler works
configure:3317: gcc    conftest.c  >&5
configure:3321: $? = 0
configure:3369: result: yes
configure:3372: checking for C compiler default output file name
configure:3374: result: a.out
configure:3380: checking for suffix of executables
configure:3387: gcc -o conftest    conftest.c  >&5
configure:3391: $? = 0
configure:3413: result: 
configure:3435: checking whether we are cross compiling
configure:3443: gcc -o conftest    conftest.c  >&5
configure:3447: $? = 0
configure:3454: ./conftest
configure:3458: $? = 0
configure:3473: result: no
configure:3478: checking for suffix of object files
configure:3500: gcc -c   conftest.c >&5
configure:3504: $? = 0
configure:3525: result: o
configure:3529: checking whether we are using the GNU C compiler
configure:3548: gcc -c   conftest.c >&5
configure:3548: $? = 0
configure:3557: result: yes
configure:3566: checking whether gcc accepts -g
configure:3586: gcc -c -g  conftest.c >&5
configure:3586: $? = 0
configure:3627: result: yes
configure:3644: checking for gcc option to accept ISO C89
configure:3707: gcc  -c -g -O2  conftest.c >&5
configure:3707: $? = 0
configure:3720: result: none needed
configure:3751: checking for style of include used by make
configure:3779: result: GNU
configure:3804: checking dependency style of gcc
configure:3914: result: gcc3
configure:3958: checking build system type
configure:3972: result: x86_64-unknown-linux-gnu
configure:3992: checking host system type
configure:4005: result: x86_64-unknown-linux-gnu
configure:4025: checking for a sed that does not truncate output
configure:4089: result: /bin/sed
configure:4107: checking for grep that handles long lines and -e
configure:4165: result: /bin/grep
configure:4170: checking for egrep
configure:4232: result: /bin/grep -E
configure:4237: checking for fgrep
configure:4299: result: /bin/grep -F
configure:4334: checking for ld used by gcc
configure:4401: result: /usr/bin/ld
configure:4408: checking if the linker (/usr/bin/ld) is GNU ld
configure:4423: result: yes
configure:4435: checking for BSD- or MS-compatible name lister (nm)
configure:4484: result: /usr/bin/nm -B
configure:4602: checking the name lister (/usr/bin/nm -B) interface
configure:4609: gcc -c -g -O2  conftest.c >&5
configure:4612: /usr/bin/nm -B "conftest.o"
configure:4615: output
0000000000000000 B some_variable
configure:4622: result: BSD nm
configure:4625: checking whether ln -s works
configure:4629: result: yes
configure:4637: checking the maximum length of command line arguments
configure:4757: result: 3458764513820540925
configure:4774: checking whether the shell understands some XSI constructs
configure:4784: result: yes
configure:4788: checking whether the shell understands "+="
configure:4794: result: yes
configure:4829: checking for /usr/bin/ld option to reload object files
configure:4836: result: -r
configure:4905: checking for objdump
configure:4921: found /usr/bin/objdump
configure:4932: result: objdump
configure:4964: checking how to recognize dependent libraries
configure:5160: result: pass_all
configure:5220: checking for ar
configure:5236: found /usr/bin/ar
configure:5247: result: ar
configure:5325: checking for strip
configure:5341: found /usr/bin/strip
configure:5352: result: strip
configure:5424: checking for ranlib
configure:5440: found /usr/bin/ranlib
configure:5451: result: ranlib
configure:5541: checking command to parse /usr/bin/nm -B output from gcc object
configure:5659: gcc -c -g -O2  conftest.c >&5
configure:5662: $? = 0
configure:5666: /usr/bin/nm -B conftest.o \| sed -n -e 's/^.*[	 ]\([ABCDGIRSTW][ABCDGIRSTW]*\)[	 ][	 ]*\([_A-Za-z][_A-Za-z0-9]*\)$/\1 \2 \2/p' \> conftest.nm
configure:5669: $? = 0
configure:5723: gcc -o conftest -g -O2   conftest.c conftstm.o >&5
configure:5726: $? = 0
configure:5764: result: ok
configure:5860: gcc -c -g -O2  conftest.c >&5
configure:5863: $? = 0
configure:6573: checking how to run the C preprocessor
configure:6604: gcc -E  conftest.c
configure:6604: $? = 0
configure:6618: gcc -E  conftest.c
conftest.c:11:28: fatal error: ac_nonexistent.h: No such file or directory
 #include <ac_nonexistent.h>
                            ^
compilation terminated.
configure:6618: $? = 1
configure: failed program was:
| /* confdefs.h */
| #define PACKAGE_NAME ""
| #define PACKAGE_TARNAME ""
| #define PACKAGE_VERSION ""
| #define PACKAGE_STRING ""
| #define PACKAGE_BUGREPORT ""
| #define PACKAGE_URL ""
| #define PACKAGE "libbmp"
| #define VERSION "0.1.3"
| /* end confdefs.h.  */
| #include <ac_nonexistent.h>
configure:6643: result: gcc -E
configure:6663: gcc -E  conftest.c
configure:6663: $? = 0
configure:6677: gcc -E  conftest.c
conftest.c:11:28: fatal error: ac_nonexistent.h: No such file or directory
 #include <ac_nonexistent.h>
                            ^
compilation terminated.
configure:6677: $? = 1
configure: failed program was:
| /* confdefs.h */
| #define PACKAGE_NAME ""
| #define PACKAGE_TARNAME ""
| #define PACKAGE_VERSION ""
| #define PACKAGE_STRING ""
| #define PACKAGE_BUGREPORT ""
| #define PACKAGE_URL ""
| #define PACKAGE "libbmp"
| #define VERSION "0.1.3"
| /* end confdefs.h.  */
| #include <ac_nonexistent.h>
configure:6706: checking for ANSI C header files
configure:6726: gcc -c -g -O2  conftest.c >&5
configure:6726: $? = 0
configure:6799: gcc -o conftest -g -O2   conftest.c  >&5
configure:6799: $? = 0
configure:6799: ./conftest
configure:6799: $? = 0
configure:6810: result: yes
configure:6823: checking for sys/types.h
configure:6823: gcc -c -g -O2  conftest.c >&5
configure:6823: $? = 0
configure:6823: result: yes
configure:6823: checking for sys/stat.h
configure:6823: gcc -c -g -O2  conftest.c >&5
configure:6823: $? = 0
configure:6823: result: yes
configure:6823: checking for stdlib.h
configure:6823: gcc -c -g -O2  conftest.c >&5
configure:6823: $? = 0
configure:6823: result: yes
configure:6823: checking for string.h
configure:6823: gcc -c -g -O2  conftest.c >&5
configure:6823: $? = 0
configure:6823: result: yes
configure:6823: checking for memory.h
configure:6823: gcc -c -g -O2  conftest.c >&5
configure:6823: $? = 0
configure:6823: result: yes
configure:6823: checking for strings.h
configure:6823: gcc -c -g -O2  conftest.c >&5
configure:6823: $? = 0
configure:6823: result: yes
configure:6823: checking for inttypes.h
configure:6823: gcc -c -g -O2  conftest.c >&5
configure:6823: $? = 0
configure:6823: result: yes
configure:6823: checking for stdint.h
configure:6823: gcc -c -g -O2  conftest.c >&5
configure:6823: $? = 0
configure:6823: result: yes
configure:6823: checking for unistd.h
configure:6823: gcc -c -g -O2  conftest.c >&5
configure:6823: $? = 0
configure:6823: result: yes
configure:6837: checking for dlfcn.h
configure:6837: gcc -c -g -O2  conftest.c >&5
configure:6837: $? = 0
configure:6837: result: yes
configure:7021: checking for objdir
configure:7036: result: .libs
configure:7332: checking if gcc supports -fno-rtti -fno-exceptions
configure:7350: gcc -c -g -O2  -fno-rtti -fno-exceptions conftest.c >&5
cc1: warning: command line option '-fno-rtti' is valid for C++/ObjC++ but not for C
configure:7354: $? = 0
configure:7367: result: no
configure:7387: checking for gcc option to produce PIC
configure:7659: result: -fPIC -DPIC
configure:7671: checking if gcc PIC flag -fPIC -DPIC works
configure:7689: gcc -c -g -O2  -fPIC -DPIC -DPIC conftest.c >&5
configure:7693: $? = 0
configure:7706: result: yes
configure:7730: checking if gcc static flag -static works
configure:7758: result: yes
configure:7773: checking if gcc supports -c -o file.o
configure:7794: gcc -c -g -O2  -o out/conftest2.o conftest.c >&5
configure:7798: $? = 0
configure:7820: result: yes
configure:7828: checking if gcc supports -c -o file.o
configure:7875: result: yes
configure:7908: checking whether the gcc linker (/usr/bin/ld -m elf_x86_64) supports shared libraries
configure:8894: result: yes
configure:8931: checking whether -lc should be explicitly linked in
configure:8936: gcc -c -g -O2  conftest.c >&5
configure:8939: $? = 0
configure:8954: gcc -shared conftest.o  -v -Wl,-soname -Wl,conftest -o conftest 2\>\&1 \| /bin/grep  -lc  \>/dev/null 2\>\&1
configure:8957: $? = 0
configure:8969: result: no
configure:9133: checking dynamic linker characteristics
configure:9579: gcc -o conftest -g -O2   -Wl,-rpath -Wl,/foo conftest.c  >&5
configure:9579: $? = 0
configure:9797: result: GNU/Linux ld.so
configure:9899: checking how to hardcode library paths into programs
configure:9924: result: immediate
configure:10444: checking whether stripping libraries is possible
configure:10449: result: yes
configure:10484: checking if libtool supports shared libraries
configure:10486: result: yes
configure:10489: checking whether to build shared libraries
configure:10510: result: yes
configure:10513: checking whether to build static libraries
configure:10517: result: yes
configure:10554: checking for ANSI C header files
configure:10658: result: yes
configure:10669: checking for stdlib.h
configure:10669: result: yes
configure:10669: checking for string.h
configure:10669: result: yes
configure:10681: checking for size_t
configure:10681: gcc -c -g -O2  conftest.c >&5
configure:10681: $? = 0
configure:10681: gcc -c -g -O2  conftest.c >&5
conftest.c: In function 'main':
conftest.c:62:21: error: expected expression before ')' token
 if (sizeof ((size_t)))
                     ^
configure:10681: $? = 1
configure: failed program was:
| /* confdefs.h */
| #define PACKAGE_NAME ""
| #define PACKAGE_TARNAME ""
| #define PACKAGE_VERSION ""
| #define PACKAGE_STRING ""
| #define PACKAGE_BUGREPORT ""
| #define PACKAGE_URL ""
| #define PACKAGE "libbmp"
| #define VERSION "0.1.3"
| #define STDC_HEADERS 1
| #define HAVE_SYS_TYPES_H 1
| #define HAVE_SYS_STAT_H 1
| #define HAVE_STDLIB_H 1
| #define HAVE_STRING_H 1
| #define HAVE_MEMORY_H 1
| #define HAVE_STRINGS_H 1
| #define HAVE_INTTYPES_H 1
| #define HAVE_STDINT_H 1
| #define HAVE_UNISTD_H 1
| #define HAVE_DLFCN_H 1
| #define LT_OBJDIR ".libs/"
| #define STDC_HEADERS 1
| #define HAVE_STDLIB_H 1
| #define HAVE_STRING_H 1
| /* end confdefs.h.  */
| #include <stdio.h>
| #ifdef HAVE_SYS_TYPES_H
| # include <sys/types.h>
| #endif
| #ifdef HAVE_SYS_STAT_H
| # include <sys/stat.h>
| #endif
| #ifdef STDC_HEADERS
| # include <stdlib.h>
| # include <stddef.h>
| #else
| # ifdef HAVE_STDLIB_H
| #  include <stdlib.h>
| # endif
| #endif
| #ifdef HAVE_STRING_H
| # if !defined STDC_HEADERS && defined HAVE_MEMORY_H
| #  include <memory.h>
| # endif
| # include <string.h>
| #endif
| #ifdef HAVE_STRINGS_H
| # include <strings.h>
| #endif
| #ifdef HAVE_INTTYPES_H
| # include <inttypes.h>
| #endif
| #ifdef HAVE_STDINT_H
| # include <stdint.h>
| #endif
| #ifdef HAVE_UNISTD_H
| # include <unistd.h>
| #endif
| int
| main ()
| {
| if (sizeof ((size_t)))
| 	    return 0;
|   ;
|   return 0;
| }
configure:10681: result: yes
configure:10692: checking for uint8_t
configure:10692: gcc -c -g -O2  conftest.c >&5
configure:10692: $? = 0
configure:10692: result: yes
configure:10706: checking for uint16_t
configure:10706: gcc -c -g -O2  conftest.c >&5
configure:10706: $? = 0
configure:10706: result: yes
configure:10718: checking for uint32_t
configure:10718: gcc -c -g -O2  conftest.c >&5
configure:10718: $? = 0
configure:10718: result: yes
configure:10736: checking for stdlib.h
configure:10736: result: yes
configure:10746: checking for GNU libc compatible malloc
configure:10770: gcc -o conftest -g -O2   conftest.c  >&5
configure:10770: $? = 0
configure:10770: ./conftest
configure:10770: $? = 0
configure:10780: result: yes
configure:10949: creating ./config.status

## ---------------------- ##
## Running config.status. ##
## ---------------------- ##

This file was extended by config.status, which was
generated by GNU Autoconf 2.69.  Invocation command line was

  CONFIG_FILES    = 
  CONFIG_HEADERS  = 
  CONFIG_LINKS    = 
  CONFIG_COMMANDS = 
  $ ./config.status 

on kd-sesa

config.status:1073: creating libbmp.pc
config.status:1073: creating Makefile
config.status:1073: creating src/Makefile
config.status:1073: creating test/Makefile
config.status:1073: creating build/Makefile
config.status:1073: creating config.h
config.status:1254: config.h is unchanged
config.status:1302: executing depfiles commands
config.status:1302: executing libtool commands

## ---------------- ##
## Cache variables. ##
## ---------------- ##

ac_cv_build=x86_64-unknown-linux-gnu
ac_cv_c_compiler_gnu=yes
ac_cv_c_uint16_t=yes
ac_cv_c_uint32_t=yes
ac_cv_c_uint8_t=yes
ac_cv_env_CC_set=
ac_cv_env_CC_value=
ac_cv_env_CFLAGS_set=
ac_cv_env_CFLAGS_value=
ac_cv_env_CPPFLAGS_set=
ac_cv_env_CPPFLAGS_value=
ac_cv_env_CPP_set=
ac_cv_env_CPP_value=
ac_cv_env_LDFLAGS_set=
ac_cv_env_LDFLAGS_value=
ac_cv_env_LIBS_set=
ac_cv_env_LIBS_value=
ac_cv_env_build_alias_set=
ac_cv_env_build_alias_value=
ac_cv_env_host_alias_set=
ac_cv_env_host_alias_value=
ac_cv_env_target_alias_set=
ac_cv_env_target_alias_value=
ac_cv_func_malloc_0_nonnull=yes
ac_cv_header_dlfcn_h=yes
ac_cv_header_inttypes_h=yes
ac_cv_header_memory_h=yes
ac_cv_header_stdc=yes
ac_cv_header_stdint_h=yes
ac_cv_header_stdlib_h=yes
ac_cv_header_string_h=yes
ac_cv_header_strings_h=yes
ac_cv_header_sys_stat_h=yes
ac_cv_header_sys_types_h=yes
ac_cv_header_unistd_h=yes
ac_cv_host=x86_64-unknown-linux-gnu
ac_cv_objext=o
ac_cv_path_EGREP='/bin/grep -E'
ac_cv_path_FGREP='/bin/grep -F'
ac_cv_path_GREP=/bin/grep
ac_cv_path_SED=/bin/sed
ac_cv_path_install='/usr/bin/install -c'
ac_cv_path_mkdir=/bin/mkdir
ac_cv_prog_AWK=gawk
ac_cv_prog_CPP='gcc -E'
ac_cv_prog_ac_ct_AR=ar
ac_cv_prog_ac_ct_CC=gcc
ac_cv_prog_ac_ct_OBJDUMP=objdump
ac_cv_prog_ac_ct_RANLIB=ranlib
ac_cv_prog_ac_ct_STRIP=strip
ac_cv_prog_cc_c89=
ac_cv_prog_cc_g=yes
ac_cv_prog_make_make_set=yes
ac_cv_type_size_t=yes
am_cv_CC_dependencies_compiler_type=gcc3
lt_cv_deplibs_check_method=pass_all
lt_cv_file_magic_cmd='$MAGIC_CMD'
lt_cv_file_magic_test_file=
lt_cv_ld_reload_flag=-r
lt_cv_nm_interface='BSD nm'
lt_cv_objdir=.libs
lt_cv_path_LD=/usr/bin/ld
lt_cv_path_NM='/usr/bin/nm -B'
lt_cv_prog_compiler_c_o=yes
lt_cv_prog_compiler_pic_works=yes
lt_cv_prog_compiler_rtti_exceptions=no
lt_cv_prog_compiler_static_works=yes
lt_cv_prog_gnu_ld=yes
lt_cv_sys_global_symbol_pipe='sed -n -e '\''s/^.*[	 ]\([ABCDGIRSTW][ABCDGIRSTW]*\)[	 ][	 ]*\([_A-Za-z][_A-Za-z0-9]*\)$/\1 \2 \2/p'\'''
lt_cv_sys_global_symbol_to_c_name_address='sed -n -e '\''s/^: \([^ ]*\) $/  {\"\1\", (void *) 0},/p'\'' -e '\''s/^[ABCDGIRSTW]* \([^ ]*\) \([^ ]*\)$/  {"\2", (void *) \&\2},/p'\'''
lt_cv_sys_global_symbol_to_c_name_address_lib_prefix='sed -n -e '\''s/^: \([^ ]*\) $/  {\"\1\", (void *) 0},/p'\'' -e '\''s/^[ABCDGIRSTW]* \([^ ]*\) \(lib[^ ]*\)$/  {"\2", (void *) \&\2},/p'\'' -e '\''s/^[ABCDGIRSTW]* \([^ ]*\) \([^ ]*\)$/  {"lib\2", (void *) \&\2},/p'\'''
lt_cv_sys_global_symbol_to_cdecl='sed -n -e '\''s/^T .* \(.*\)$/extern int \1();/p'\'' -e '\''s/^[ABCDGIRSTW]* .* \(.*\)$/extern char \1;/p'\'''
lt_cv_sys_max_cmd_len=3458764513820540925

## ----------------- ##
## Output variables. ##
## ----------------- ##

ACLOCAL='${SHELL} /home/awadyn/neuroarch/asc/tools/libbmp/missing --run aclocal-1.11'
AMDEPBACKSLASH='\'
AMDEP_FALSE='#'
AMDEP_TRUE=''
AMTAR='${SHELL} /home/awadyn/neuroarch/asc/tools/libbmp/missing --run tar'
AR='ar'
AUTOCONF='${SHELL} /home/awadyn/neuroarch/asc/tools/libbmp/missing --run autoconf'
AUTOHEADER='${SHELL} /home/awadyn/neuroarch/asc/tools/libbmp/missing --run autoheader'
AUTOMAKE='${SHELL} /home/awadyn/neuroarch/asc/tools/libbmp/missing --run automake-1.11'
AWK='gawk'
CC='gcc'
CCDEPMODE='depmode=gcc3'
CFLAGS='-g -O2'
CPP='gcc -E'
CPPFLAGS=''
CYGPATH_W='echo'
DEFS='-DHAVE_CONFIG_H'
DEPDIR='.deps'
DSYMUTIL=''
DUMPBIN=''
ECHO_C=''
ECHO_N='-n'
ECHO_T=''
EGREP='/bin/grep -E'
EXEEXT=''
FGREP='/bin/grep -F'
GREP='/bin/grep'
INSTALL_DATA='${INSTALL} -m 644'
INSTALL_PROGRAM='${INSTALL}'
INSTALL_SCRIPT='${INSTALL}'
INSTALL_STRIP_PROGRAM='$(install_sh) -c -s'
LD='/usr/bin/ld -m elf_x86_64'
LDFLAGS=''
LIBOBJS=''
LIBS=''
LIBTOOL='$(SHELL) $(top_builddir)/libtool'
LIPO=''
LN_S='ln -s'
LTLIBOBJS=''
LT_AGE='101'
LT_CURRENT='101'
LT_CURRENT_MINUS_AGE='0'
LT_RELEASE='0.1'
LT_REVISION='2'
MAKEINFO='${SHELL} /home/awadyn/neuroarch/asc/tools/libbmp/missing --run makeinfo'
MKDIR_P='/bin/mkdir -p'
NM='/usr/bin/nm -B'
NMEDIT=''
OBJDUMP='objdump'
OBJEXT='o'
OTOOL64=''
OTOOL=''
PACKAGE='libbmp'
PACKAGE_BUGREPORT=''
PACKAGE_NAME='libbmp'
PACKAGE_STRING=''
PACKAGE_TARNAME=''
PACKAGE_URL=''
PACKAGE_VERSION='0.1.3'
PATH_SEPARATOR=':'
RANLIB='ranlib'
SED='/bin/sed'
SET_MAKE=''
SHELL='/bin/bash'
STRIP='strip'
VERSION='0.1.3'
ac_ct_CC='gcc'
ac_ct_DUMPBIN=''
am__EXEEXT_FALSE=''
am__EXEEXT_TRUE='#'
am__fastdepCC_FALSE='#'
am__fastdepCC_TRUE=''
am__include='include'
am__isrc=''
am__leading_dot='.'
am__quote=''
am__tar='${AMTAR} chof - "$$tardir"'
am__untar='${AMTAR} xf -'
bindir='${exec_prefix}/bin'
build='x86_64-unknown-linux-gnu'
build_alias=''
build_cpu='x86_64'
build_os='linux-gnu'
build_vendor='unknown'
datadir='${datarootdir}'
datarootdir='${prefix}/share'
docdir='${datarootdir}/doc/${PACKAGE}'
dvidir='${docdir}'
exec_prefix='${prefix}'
host='x86_64-unknown-linux-gnu'
host_alias=''
host_cpu='x86_64'
host_os='linux-gnu'
host_vendor='unknown'
htmldir='${docdir}'
includedir='${prefix}/include'
infodir='${datarootdir}/info'
install_sh='${SHELL} /home/awadyn/neuroarch/asc/tools/libbmp/install-sh'
libdir='${exec_prefix}/lib'
libexecdir='${exec_prefix}/libexec'
localedir='${datarootdir}/locale'
localstatedir='${prefix}/var'
lt_ECHO='echo'
mandir='${datarootdir}/man'
mkdir_p='/bin/mkdir -p'
oldincludedir='/usr/include'
pdfdir='${docdir}'
prefix='/home/awadyn/neuroarch/asc/tools/opt'
program_transform_name='s,x,x,'
psdir='${docdir}'
sbindir='${exec_prefix}/sbin'
sharedstatedir='${prefix}/com'
sysconfdir='${prefix}/etc'
target_alias=''

## ----------- ##
## confdefs.h. ##
## ----------- ##

/* confdefs.h */
#define PACKAGE_NAME ""
#define PACKAGE_TARNAME ""
#define PACKAGE_VERSION ""
#define PACKAGE_STRING ""
#define PACKAGE_BUGREPORT ""
#define PACKAGE_URL ""
#define PACKAGE "libbmp"
#define VERSION "0.1.3"
#define STDC_HEADERS 1
#define HAVE_SYS_TYPES_H 1
#define HAVE_SYS_STAT_H 1
#define HAVE_STDLIB_H 1
#define HAVE_STRING_H 1
#define HAVE_MEMORY_H 1
#define HAVE_STRINGS_H 1
#define HAVE_INTTYPES_H 1
#define HAVE_STDINT_H 1
#define HAVE_UNISTD_H 1
#define HAVE_DLFCN_H 1
#define LT_OBJDIR ".libs/"
#define STDC_HEADERS 1
#define HAVE_STDLIB_H 1
#define HAVE_STRING_H 1
#define HAVE_STDLIB_H 1
#define HAVE_MALLOC 1

configure: exit 0
